Hello world
Yep, true is true
Yep, false is false
c: (-2.000000,-3.000000)
c: (-2.000000,-3.000000)
c: (3.000000,9.000000)
c: (-93.000000,81.000000)
c: (-98.000000,69.000000)
c: (2.000000,9.000000)
n: 16
i: -21
b: TRUE
x: -462.830780
s: test string
c: (2.000000,9.000000)
numberOfProcessors: 6

i = 14
i = 13
i = 12
i = 11
i = 10
i = 9
i = 8
i = 7
i = 6
i = 5
i = 4
i = 3
i = 2
i = 1
i = 0, j = 0
i = 0, j = 1
i = 0, j = 2
i = 0, j = 3
i = 1, j = 0
i = 1, j = 1
i = 1, j = 2
i = 1, j = 3
i = 2, j = 0
i = 2, j = 1
i = 2, j = 2
i = 2, j = 3
1=2 no
1<>2 yes
1<2 yes
1<=2 yes
1>2 no
1>=2 no
1=1 yes
1<>1 no
1<1 no
1<=1 yes
1>1 no
1>=1 yes
2=1 no
2<>1 yes
2<1 no
2<=1 no
2>1 yes
2>=1 yes
223=1 no
223<>1 yes
223<1 no
223<=1 no
223>1 yes
223>=1 yes
shp[0,0] = 0
shp[0,1] = 1
shp[0,2] = 2
shp[0,3] = 3
shp[0,4] = 4
shp[0,5] = 5
shp[0,6] = 6
shp[0,7] = 7
shp[1,0] = 1
shp[1,1] = 2
shp[1,2] = 3
shp[1,3] = 4
shp[1,4] = 5
shp[1,5] = 6
shp[1,6] = 7
shp[1,7] = 8
shp[2,0] = 2
shp[2,1] = 3
shp[2,2] = 4
shp[2,3] = 5
shp[2,4] = 6
shp[2,5] = 7
shp[2,6] = 8
shp[2,7] = 9
shp[3,0] = 3
shp[3,1] = 4
shp[3,2] = 5
shp[3,3] = 6
shp[3,4] = 7
shp[3,5] = 8
shp[3,6] = 9
shp[3,7] = 10
shp[4,0] = 4
shp[4,1] = 5
shp[4,2] = 6
shp[4,3] = 7
shp[4,4] = 8
shp[4,5] = 9
shp[4,6] = 10
shp[4,7] = 11
aview[0,0] = 0
aview[0,1] = 1
aview[0,2] = 2
aview[0,3] = 3
aview[0,4] = 4
aview[1,0] = 1
aview[1,1] = 2
aview[1,2] = 3
aview[1,3] = 4
aview[1,4] = 5
aview[2,0] = 2
aview[2,1] = 3
aview[2,2] = 4
aview[2,3] = 5
aview[2,4] = 6
aview[3,0] = 3
aview[3,1] = 4
aview[3,2] = 5
aview[3,3] = 6
aview[3,4] = 7
aview[4,0] = 4
aview[4,1] = 5
aview[4,2] = 6
aview[4,3] = 7
aview[4,4] = 8
aview[5,0] = 5
aview[5,1] = 6
aview[5,2] = 7
aview[5,3] = 8
aview[5,4] = 9
aview[6,0] = 6
aview[6,1] = 7
aview[6,2] = 8
aview[6,3] = 9
aview[6,4] = 10
aview[7,0] = 7
aview[7,1] = 8
aview[7,2] = 9
aview[7,3] = 10
aview[7,4] = 11
A := 66;
66 66 66 66 66 66 66 66 66 66 66 66 66 66 66 66 66 66 66 66 
V <- A;
V := 2112;
2112 2112 2112 2112 2112 2112 2112 2112 2112 2112 
2112 2112 2112 2112 2112 2112 2112 2112 2112 2112 66 66 66 66 66 66 66 66 66 66 
Distributed over the one-dimensional processor array
6 3 0 7 4 1 8 5 2 9 66 66 66 66 66 66 66 66 66 66 
Distributed over the one-dimensional processor array
A[i] := 0;
A: 0 0 0 0 0 0 0 0 0 0 0 0 0 0 0 0 0 0 0 0 
Distributed over the one-dimensional processor array
B[i] := i;
B: 0 1 2 3 4 5 6 7 8 9 10 11 12 13 14 15 16 17 18 19 
Distributed over the one-dimensional processor array
A[i] := B[i];
A: 0 1 2 3 4 5 6 7 8 9 10 11 12 13 14 15 16 17 18 19 
Distributed over the one-dimensional processor array
A[i] := 0;
A: 0 0 0 0 0 0 0 0 0 0 0 0 0 0 0 0 0 0 0 0 
Distributed over the one-dimensional processor array
A[i] := B[i];
A: 19 18 17 16 15 14 13 12 11 10 9 8 7 6 5 4 3 2 1 0 
Distributed over the one-dimensional processor array
Block size of A: 5
12 24
12 24 72
75
