This file contains any messages produced by compilers while
running configure, to aid debugging if configure makes a mistake.

It was created by configure, which was
generated by GNU Autoconf 2.52.  Invocation command line was

  $ ./configure --prefix=/home/reeuwijk/lab --cache-file=/dev/null --srcdir=.

## ---------- ##
## Platform.  ##
## ---------- ##

hostname = babylon
uname -m = i686
uname -r = 3.9-1-686-pae
uname -s = Linux
uname -v = #1 SMP Debian 3.9.8-1

/usr/bin/uname -p = unknown
/bin/uname -X     = unknown

/bin/arch              = unknown
/usr/bin/arch -k       = unknown
/usr/convex/getsysinfo = unknown
hostinfo               = unknown
/bin/machine           = unknown
/usr/bin/oslevel       = unknown
/bin/universe          = unknown

PATH = /usr/lib/i386-linux-gnu/qt4/bin:/home/reeuwijk/ibis-2.0/bin:/home/reeuwijk/ibis/bin:/home/reeuwijk/bin:/usr/lib/jvm/java-1.6.0-openjdk-i386/bin:/usr/local/bin:/usr/bin:/bin:/usr/local/games:/usr/games:/home/reeuwijk/informatie/scripts:/home/reeuwijk/lab/bin:/home/reeuwijk/jython2.5.1/bin:/home/reeuwijk/lab/osmosis/bin:/home/reeuwijk/informatie/scripts

## ------------ ##
## Core tests.  ##
## ------------ ##

configure:918: PATH=".;."; conftest.sh
./configure: 919: ./configure: conftest.sh: not found
configure:921: $? = 127
configure:1003: result: No MPI support
configure:1010: checking consistency...
configure:1145: checking for g++
configure:1160: found /usr/bin/g++
configure:1168: result: g++
configure:1183: checking for C++ compiler version
configure:1186: g++ --version </dev/null >&5
g++ (Debian 4.7.3-4) 4.7.3
Copyright (C) 2012 Free Software Foundation, Inc.
This is free software; see the source for copying conditions.  There is NO
warranty; not even for MERCHANTABILITY or FITNESS FOR A PARTICULAR PURPOSE.

configure:1189: $? = 0
configure:1191: g++ -v </dev/null >&5
Using built-in specs.
COLLECT_GCC=g++
COLLECT_LTO_WRAPPER=/usr/lib/gcc/i486-linux-gnu/4.7/lto-wrapper
Target: i486-linux-gnu
Configured with: ../src/configure -v --with-pkgversion='Debian 4.7.3-4' --with-bugurl=file:///usr/share/doc/gcc-4.7/README.Bugs --enable-languages=c,c++,go,fortran,objc,obj-c++ --prefix=/usr --program-suffix=-4.7 --enable-shared --enable-linker-build-id --libexecdir=/usr/lib --without-included-gettext --enable-threads=posix --with-gxx-include-dir=/usr/include/c++/4.7 --libdir=/usr/lib --enable-nls --with-sysroot=/ --enable-clocale=gnu --enable-libstdcxx-debug --enable-libstdcxx-time=yes --enable-gnu-unique-object --enable-plugin --with-system-zlib --enable-objc-gc --enable-targets=all --with-cloog --enable-cloog-backend=ppl --disable-cloog-version-check --disable-ppl-version-check --enable-multiarch --with-arch-32=i586 --with-multilib-list=m32,m64,mx32 --with-tune=generic --enable-checking=release --build=i486-linux-gnu --host=i486-linux-gnu --target=i486-linux-gnu
Thread model: posix
gcc version 4.7.3 (Debian 4.7.3-4) 
configure:1194: $? = 0
configure:1196: g++ -V </dev/null >&5
g++: error: unrecognized command line option '-V'
g++: fatal error: no input files
compilation terminated.
configure:1199: $? = 4
configure:1219: checking for C++ compiler default output
configure:1222: g++    conftest.cc  >&5
configure:1225: $? = 0
configure:1254: result: a.out
configure:1259: checking whether the C++ compiler works
configure:1265: ./a.out
configure:1268: $? = 0
configure:1283: result: yes
configure:1290: checking whether we are cross compiling
configure:1292: result: no
configure:1295: checking for executable suffix
configure:1297: g++ -o conftest    conftest.cc  >&5
configure:1300: $? = 0
configure:1322: result: 
configure:1328: checking for object suffix
configure:1346: g++ -c   conftest.cc >&5
configure:1349: $? = 0
configure:1368: result: o
configure:1372: checking whether we are using the GNU C++ compiler
configure:1393: g++ -c   conftest.cc >&5
configure:1396: $? = 0
configure:1399: test -s conftest.o
configure:1402: $? = 0
configure:1414: result: yes
configure:1420: checking whether g++ accepts -g
configure:1438: g++ -c -g  conftest.cc >&5
configure:1441: $? = 0
configure:1444: test -s conftest.o
configure:1447: $? = 0
configure:1457: result: yes
configure:1497: g++ -c -g -O2  conftest.cc >&5
configure:1500: $? = 0
configure:1503: test -s conftest.o
configure:1506: $? = 0
configure:1528: g++ -c -g -O2  conftest.cc >&5
configure: In function 'int main()':
configure:1521:9: error: 'exit' was not declared in this scope
configure:1531: $? = 1
configure: failed program was:
#line 1516 "configure"
#include "confdefs.h"

int
main ()
{
exit (42);
  ;
  return 0;
}
configure:1497: g++ -c -g -O2  conftest.cc >&5
configure:1500: $? = 0
configure:1503: test -s conftest.o
configure:1506: $? = 0
configure:1528: g++ -c -g -O2  conftest.cc >&5
configure:1531: $? = 0
configure:1534: test -s conftest.o
configure:1537: $? = 0
configure:1597: checking for ranlib
configure:1612: found /usr/bin/ranlib
configure:1621: result: ranlib
configure:1635: checking for g++
configure:1650: found /usr/bin/g++
configure:1658: result: g++ -MM
configure:1775: creating ./config.status

## ----------------------- ##
## Running config.status.  ##
## ----------------------- ##

This file was extended by config.status 2.52, executed with
  CONFIG_FILES    = 
  CONFIG_HEADERS  = 
  CONFIG_LINKS    = 
  CONFIG_COMMANDS = 
  > ./config.status 
on babylon

config.status:2212: creating Make.vars
config.status:2212: creating spar-preamble

## ----------------- ##
## Cache variables.  ##
## ----------------- ##

ac_cv_cxx_compiler_gnu='yes'
ac_cv_env_CPPFLAGS_set=''
ac_cv_env_CPPFLAGS_value=''
ac_cv_env_CXXFLAGS_set=''
ac_cv_env_CXXFLAGS_value=''
ac_cv_env_CXX_set=''
ac_cv_env_CXX_value=''
ac_cv_env_LDFLAGS_set=''
ac_cv_env_LDFLAGS_value=''
ac_cv_env_build_alias_set=''
ac_cv_env_build_alias_value=''
ac_cv_env_host_alias_set=''
ac_cv_env_host_alias_value=''
ac_cv_env_target_alias_set=''
ac_cv_env_target_alias_value=''
ac_cv_objext='o'
ac_cv_prog_BUILDDEPENDS='g++ -MM'
ac_cv_prog_ac_ct_CXX='g++'
ac_cv_prog_ac_ct_RANLIB='ranlib'
ac_cv_prog_cxx_g='yes'

## ------------ ##
## confdefs.h.  ##
## ------------ ##

#ifdef __cplusplus
#include <stdlib.h>
#endif


configure: exit 0
