This file contains any messages produced by compilers while
running configure, to aid debugging if configure makes a mistake.

It was created by configure, which was
generated by GNU Autoconf 2.52.  Invocation command line was

  $ ./configure --prefix=/Users/reeuwijk/lab --cache-file=/dev/null --srcdir=.

## ---------- ##
## Platform.  ##
## ---------- ##

hostname = lon.pds.twi.tudelft.nl
uname -m = Power Macintosh
uname -r = 6.1
uname -s = Darwin
uname -v = Darwin Kernel Version 6.1: Fri Sep  6 23:24:34 PDT 2002; root:xnu/xnu-344.2.obj~2/RELEASE_PPC 

/usr/bin/uname -p = powerpc
/bin/uname -X     = unknown

/bin/arch              = unknown
/usr/bin/arch -k       = unknown
/usr/convex/getsysinfo = unknown
hostinfo               = Mach kernel version:
	 Darwin Kernel Version 6.1:
Fri Sep  6 23:24:34 PDT 2002; root:xnu/xnu-344.2.obj~2/RELEASE_PPC


Kernel configured for up to 2 processors.
1 processor is physically available.
Processor type: ppc750 (PowerPC 750)
Processor active: 0
Primary memory available: 384.00 megabytes.
Default processor set: 42 tasks, 92 threads, 1 processors
Load average: 1.62, Mach factor: 0.30
unknown
/bin/machine           = unknown
/usr/bin/oslevel       = unknown
/bin/universe          = unknown

PATH = /Users/reeuwijk/lab/bin:/sw/bin:/sw/sbin:/bin:/sbin:/usr/bin:/usr/sbin:/usr/X11R6/bin

## ------------ ##
## Core tests.  ##
## ------------ ##

configure:955: PATH=".;."; conftest.sh
./configure: conftest.sh: command not found
configure:958: $? = 127
configure:971: checking for bison
configure:986: found /usr/bin/bison
configure:994: result: bison -y
configure:1048: checking for gcc
configure:1063: found /usr/bin/gcc
configure:1071: result: gcc
configure:1299: checking for C compiler version
configure:1302: gcc --version </dev/null >&5
gcc (GCC) 3.1 20020420 (prerelease)
Copyright (C) 2002 Free Software Foundation, Inc.
This is free software; see the source for copying conditions.  There is NO
warranty; not even for MERCHANTABILITY or FITNESS FOR A PARTICULAR PURPOSE.

configure:1305: $? = 0
configure:1307: gcc -v </dev/null >&5
Reading specs from /usr/libexec/gcc/darwin/ppc/3.1/specs
Thread model: posix
Apple Computer, Inc. GCC version 1161, based on gcc version 3.1 20020420 (prerelease)
configure:1310: $? = 0
configure:1312: gcc -V </dev/null >&5
gcc: argument to `-V' is missing
configure:1315: $? = 1
configure:1335: checking for C compiler default output
configure:1338: gcc    conftest.c  >&5
configure:1341: $? = 0
configure:1370: result: a.out
configure:1375: checking whether the C compiler works
configure:1381: ./a.out
configure:1384: $? = 0
configure:1399: result: yes
configure:1406: checking whether we are cross compiling
configure:1408: result: no
configure:1411: checking for executable suffix
configure:1413: gcc -o conftest    conftest.c  >&5
configure:1416: $? = 0
configure:1438: result: 
configure:1444: checking for object suffix
configure:1462: gcc -c   conftest.c >&5
configure:1465: $? = 0
configure:1484: result: o
configure:1488: checking whether we are using the GNU C compiler
configure:1509: gcc -c   conftest.c >&5
configure:1512: $? = 0
configure:1515: test -s conftest.o
configure:1518: $? = 0
configure:1530: result: yes
configure:1536: checking whether gcc accepts -g
configure:1554: gcc -c -g  conftest.c >&5
configure:1557: $? = 0
configure:1560: test -s conftest.o
configure:1563: $? = 0
configure:1573: result: yes
configure:1600: gcc -c -g -O2  conftest.c >&5
conftest.c:2: undefined type, found `choke'
conftest.c:2: illegal external declaration, missing `;' after `me'
cpp-precomp: warning: errors during smart preprocessing, retrying in basic mode
conftest.c:2: parse error before "me"
configure:1603: $? = 1
configure: failed program was:
#ifndef __cplusplus
  choke me
#endif
configure:1750: checking for g++
configure:1765: found /usr/bin/g++
configure:1773: result: g++
configure:1788: checking for C++ compiler version
configure:1791: g++ --version </dev/null >&5
g++ (GCC) 3.1 20020420 (prerelease)
Copyright (C) 2002 Free Software Foundation, Inc.
This is free software; see the source for copying conditions.  There is NO
warranty; not even for MERCHANTABILITY or FITNESS FOR A PARTICULAR PURPOSE.

configure:1794: $? = 0
configure:1796: g++ -v </dev/null >&5
Reading specs from /usr/libexec/gcc/darwin/ppc/3.1/specs
Thread model: posix
Apple Computer, Inc. GCC version 1161, based on gcc version 3.1 20020420 (prerelease)
configure:1799: $? = 0
configure:1801: g++ -V </dev/null >&5
g++: argument to `-V' missing

configure:1804: $? = 1
configure:1807: checking whether we are using the GNU C++ compiler
configure:1828: g++ -c   conftest.cc >&5
configure:1831: $? = 0
configure:1834: test -s conftest.o
configure:1837: $? = 0
configure:1849: result: yes
configure:1855: checking whether g++ accepts -g
configure:1873: g++ -c -g  conftest.cc >&5
configure:1876: $? = 0
configure:1879: test -s conftest.o
configure:1882: $? = 0
configure:1892: result: yes
configure:1932: g++ -c -g -O2  conftest.cc >&5
configure:1935: $? = 0
configure:1938: test -s conftest.o
configure:1941: $? = 0
configure:1963: g++ -c -g -O2  conftest.cc >&5
configure: In function `int main()':
configure:1956: `exit' undeclared (first use this function)
configure:1956: (Each undeclared identifier is reported only once for each 
   function it appears in.)
configure:1966: $? = 1
configure: failed program was:
#line 1951 "configure"
#include "confdefs.h"

int
main ()
{
exit (42);
  ;
  return 0;
}
configure:1932: g++ -c -g -O2  conftest.cc >&5
configure:1935: $? = 0
configure:1938: test -s conftest.o
configure:1941: $? = 0
configure:1963: g++ -c -g -O2  conftest.cc >&5
configure:1966: $? = 0
configure:1969: test -s conftest.o
configure:1972: $? = 0
configure:1994: checking whether make sets ${MAKE}
configure:2014: result: yes
configure:2060: checking for a BSD compatible install
configure:2109: result: /usr/bin/install -c
configure:2122: checking for tm
configure:2151: result: /Users/reeuwijk/lab
configure:2210: checking for Tm prefix
configure:2218: result: /Users/reeuwijk/lab
configure:2226: checking how to run the C preprocessor
configure:2252: gcc -E  conftest.c
configure:2249: undefined type, found `Syntax'
configure:2249: illegal external declaration, missing `;' after `error'
cpp-precomp: warning: errors during smart preprocessing, retrying in basic mode
configure:2258: $? = 0
configure:2285: gcc -E  conftest.c
configure:2282: header file 'ac_nonexistent.h' not found
cpp-precomp: warning: errors during smart preprocessing, retrying in basic mode
configure:2291: $? = 1
configure: failed program was:
#line 2281 "configure"
#include "confdefs.h"
#include <ac_nonexistent.h>
configure:2328: result: gcc -E
configure:2343: gcc -E  conftest.c
configure:2340: undefined type, found `Syntax'
configure:2340: illegal external declaration, missing `;' after `error'
cpp-precomp: warning: errors during smart preprocessing, retrying in basic mode
configure:2349: $? = 0
configure:2376: gcc -E  conftest.c
configure:2373: header file 'ac_nonexistent.h' not found
cpp-precomp: warning: errors during smart preprocessing, retrying in basic mode
configure:2382: $? = 1
configure: failed program was:
#line 2372 "configure"
#include "confdefs.h"
#include <ac_nonexistent.h>
configure:2421: checking for ANSI C header files
configure:2435: gcc -E  conftest.c
configure:2441: $? = 0
configure:2528: gcc -o conftest -g -O2   conftest.c  >&5
configure:2531: $? = 0
configure:2533: ./conftest
configure:2536: $? = 0
configure:2549: result: yes
configure:2562: checking for malloc.h
configure:2572: gcc -E  conftest.c
configure:2569: header file 'malloc.h' not found
cpp-precomp: warning: errors during smart preprocessing, retrying in basic mode
configure:2578: $? = 1
configure: failed program was:
#line 2568 "configure"
#include "confdefs.h"
#include <malloc.h>
configure:2597: result: no
configure:2613: checking for sys/types.h
configure:2625: gcc -c -g -O2  conftest.c >&5
configure:2628: $? = 0
configure:2631: test -s conftest.o
configure:2634: $? = 0
configure:2644: result: yes
configure:2613: checking for sys/stat.h
configure:2625: gcc -c -g -O2  conftest.c >&5
configure:2628: $? = 0
configure:2631: test -s conftest.o
configure:2634: $? = 0
configure:2644: result: yes
configure:2613: checking for stdlib.h
configure:2625: gcc -c -g -O2  conftest.c >&5
configure:2628: $? = 0
configure:2631: test -s conftest.o
configure:2634: $? = 0
configure:2644: result: yes
configure:2613: checking for string.h
configure:2625: gcc -c -g -O2  conftest.c >&5
configure:2628: $? = 0
configure:2631: test -s conftest.o
configure:2634: $? = 0
configure:2644: result: yes
configure:2613: checking for memory.h
configure:2625: gcc -c -g -O2  conftest.c >&5
configure:2628: $? = 0
configure:2631: test -s conftest.o
configure:2634: $? = 0
configure:2644: result: yes
configure:2613: checking for strings.h
configure:2625: gcc -c -g -O2  conftest.c >&5
configure:2628: $? = 0
configure:2631: test -s conftest.o
configure:2634: $? = 0
configure:2644: result: yes
configure:2613: checking for inttypes.h
configure:2625: gcc -c -g -O2  conftest.c >&5
configure:2628: $? = 0
configure:2631: test -s conftest.o
configure:2634: $? = 0
configure:2644: result: yes
configure:2613: checking for stdint.h
configure:2625: gcc -c -g -O2  conftest.c >&5
configure:2628: $? = 0
configure:2631: test -s conftest.o
configure:2634: $? = 0
configure:2644: result: yes
configure:2613: checking for unistd.h
configure:2625: gcc -c -g -O2  conftest.c >&5
configure:2628: $? = 0
configure:2631: test -s conftest.o
configure:2634: $? = 0
configure:2644: result: yes
configure:2654: checking for size_t
configure:2675: gcc -c -g -O2  conftest.c >&5
configure:2678: $? = 0
configure:2681: test -s conftest.o
configure:2684: $? = 0
configure:2694: result: yes
configure:2708: checking for working alloca.h
configure:2726: gcc -o conftest -g -O2   conftest.c  >&5
configure:2715: header file 'alloca.h' not found
cpp-precomp: warning: errors during smart preprocessing, retrying in basic mode
configure:2729: $? = 1
configure: failed program was:
#line 2714 "configure"
#include "confdefs.h"
#include <alloca.h>
int
main ()
{
char *p = (char *) alloca (2 * sizeof (int));
  ;
  return 0;
}
configure:2745: result: no
configure:2755: checking for alloca
configure:2793: gcc -o conftest -g -O2   conftest.c  >&5
configure:2796: $? = 0
configure:2799: test -s conftest
configure:2802: $? = 0
configure:2812: result: yes
configure:2996: checking for uname
configure:3033: gcc -o conftest -g -O2   conftest.c  >&5
configure:3036: $? = 0
configure:3039: test -s conftest
configure:3042: $? = 0
configure:3052: result: yes
configure:3172: creating ./config.status

## ----------------------- ##
## Running config.status.  ##
## ----------------------- ##

This file was extended by config.status 2.52, executed with
  CONFIG_FILES    = 
  CONFIG_HEADERS  = 
  CONFIG_LINKS    = 
  CONFIG_COMMANDS = 
  > ./config.status 
on lon.pds.twi.tudelft.nl

config.status:3608: creating Makefile
config.status:3608: creating Make.vars

## ----------------- ##
## Cache variables.  ##
## ----------------- ##

ac_cv_c_compiler_gnu=yes
ac_cv_cxx_compiler_gnu=yes
ac_cv_env_CC_set=
ac_cv_env_CC_value=
ac_cv_env_CFLAGS_set=
ac_cv_env_CFLAGS_value=
ac_cv_env_CPPFLAGS_set=
ac_cv_env_CPPFLAGS_value=
ac_cv_env_CPP_set=
ac_cv_env_CPP_value=
ac_cv_env_CXXFLAGS_set=
ac_cv_env_CXXFLAGS_value=
ac_cv_env_CXX_set=
ac_cv_env_CXX_value=
ac_cv_env_LDFLAGS_set=
ac_cv_env_LDFLAGS_value=
ac_cv_env_build_alias_set=
ac_cv_env_build_alias_value=
ac_cv_env_host_alias_set=
ac_cv_env_host_alias_value=
ac_cv_env_target_alias_set=
ac_cv_env_target_alias_value=
ac_cv_func_alloca_works=yes
ac_cv_func_uname=yes
ac_cv_header_inttypes_h=yes
ac_cv_header_malloc_h=no
ac_cv_header_memory_h=yes
ac_cv_header_stdc=yes
ac_cv_header_stdint_h=yes
ac_cv_header_stdlib_h=yes
ac_cv_header_string_h=yes
ac_cv_header_strings_h=yes
ac_cv_header_sys_stat_h=yes
ac_cv_header_sys_types_h=yes
ac_cv_header_unistd_h=yes
ac_cv_objext=o
ac_cv_path_TMROOT=/Users/reeuwijk/lab
ac_cv_path_install='/usr/bin/install -c'
ac_cv_prog_CPP='gcc -E'
ac_cv_prog_YACC='bison -y'
ac_cv_prog_ac_ct_CC=gcc
ac_cv_prog_ac_ct_CXX=g++
ac_cv_prog_cc_g=yes
ac_cv_prog_cxx_g=yes
ac_cv_prog_make_make_set=yes
ac_cv_type_size_t=yes
ac_cv_working_alloca_h=no

## ------------ ##
## confdefs.h.  ##
## ------------ ##

#ifdef __cplusplus
#include <stdlib.h>
#endif
#define STDC_HEADERS 1
#define HAVE_SYS_TYPES_H 1
#define HAVE_SYS_STAT_H 1
#define HAVE_STDLIB_H 1
#define HAVE_STRING_H 1
#define HAVE_MEMORY_H 1
#define HAVE_STRINGS_H 1
#define HAVE_INTTYPES_H 1
#define HAVE_STDINT_H 1
#define HAVE_UNISTD_H 1
#define HAVE_ALLOCA 1
#define HAVE_UNAME 1


configure: exit 0

## ----------------------- ##
## Running config.status.  ##
## ----------------------- ##

This file was extended by config.status 2.52, executed with
  CONFIG_FILES    = 
  CONFIG_HEADERS  = 
  CONFIG_LINKS    = 
  CONFIG_COMMANDS = 
  > ./config.status 
on Lon.local

config.status:3608: creating Makefile
config.status:3608: creating Make.vars
